2023-02-14 19:43:29,421:INFO:PyCaret Supervised Module
2023-02-14 19:43:29,425:INFO:ML Usecase: classification
2023-02-14 19:43:29,426:INFO:version 2.3.10
2023-02-14 19:43:29,427:INFO:Initializing setup()
2023-02-14 19:43:29,428:INFO:setup(target=booking_status, ml_usecase=classification, available_plots={'parameter': 'Hyperparameters', 'auc': 'AUC', 'confusion_matrix': 'Confusion Matrix', 'threshold': 'Threshold', 'pr': 'Precision Recall', 'error': 'Prediction Error', 'class_report': 'Class Report', 'rfe': 'Feature Selection', 'learning': 'Learning Curve', 'manifold': 'Manifold Learning', 'calibration': 'Calibration Curve', 'vc': 'Validation Curve', 'dimension': 'Dimensions', 'feature': 'Feature Importance', 'feature_all': 'Feature Importance (All)', 'boundary': 'Decision Boundary', 'lift': 'Lift Chart', 'gain': 'Gain Chart', 'tree': 'Decision Tree', 'ks': 'KS Statistic Plot'}, train_size=0.7, test_data=None, preprocess=True, imputation_type=simple, iterative_imputation_iters=5, categorical_features=None, categorical_imputation=constant, categorical_iterative_imputer=lightgbm, ordinal_features=None, high_cardinality_features=None, high_cardinality_method=frequency, numeric_features=None, numeric_imputation=mean, numeric_iterative_imputer=lightgbm, date_features=None, ignore_features=None, normalize=False, normalize_method=zscore, transformation=False, transformation_method=yeo-johnson, handle_unknown_categorical=True, unknown_categorical_method=least_frequent, pca=False, pca_method=linear, pca_components=None, ignore_low_variance=False, combine_rare_levels=False, rare_level_threshold=0.1, bin_numeric_features=None, remove_outliers=False, outliers_threshold=0.05, remove_multicollinearity=False, multicollinearity_threshold=0.9, remove_perfect_collinearity=True, create_clusters=False, cluster_iter=20, polynomial_features=False, polynomial_degree=2, trigonometry_features=False, polynomial_threshold=0.1, group_features=None, group_names=None, feature_selection=False, feature_selection_threshold=0.8, feature_selection_method=classic, feature_interaction=False, feature_ratio=False, interaction_threshold=0.01, fix_imbalance=False, fix_imbalance_method=None, transform_target=False, transform_target_method=box-cox, data_split_shuffle=True, data_split_stratify=False, fold_strategy=stratifiedkfold, fold=10, fold_shuffle=False, fold_groups=None, n_jobs=-1, use_gpu=False, custom_pipeline=None, html=True, session_id=None, log_experiment=False, experiment_name=None, experiment_custom_tags=None, log_plots=False, log_profile=False, log_data=False, silent=False, verbose=True, profile=False, profile_kwargs=None, display=None)
2023-02-14 19:43:29,429:INFO:Checking environment
2023-02-14 19:43:29,430:INFO:python_version: 3.8.16
2023-02-14 19:43:29,431:INFO:python_build: ('default', 'Jan 18 2023 02:52:32')
2023-02-14 19:43:29,431:INFO:machine: x86_64
2023-02-14 19:43:29,432:INFO:platform: Linux-5.15.49-linuxkit-x86_64-with-glibc2.2.5
2023-02-14 19:43:29,433:INFO:Memory: svmem(total=8345198592, available=6839099392, percent=18.0, used=836427776, free=2741248000, active=515006464, inactive=4429856768, buffers=205959168, cached=4561563648, shared=348942336, slab=541044736)
2023-02-14 19:43:29,442:INFO:Physical Core: 8
2023-02-14 19:43:29,443:INFO:Logical Core: 8
2023-02-14 19:43:29,444:INFO:Checking libraries
2023-02-14 19:43:29,445:INFO:pd==1.3.4
2023-02-14 19:43:29,446:INFO:numpy==1.19.5
2023-02-14 19:43:29,447:INFO:sklearn==0.23.2
2023-02-14 19:43:29,447:INFO:lightgbm==3.3.1
2023-02-14 19:43:29,449:WARNING:catboost not found
2023-02-14 19:43:29,450:WARNING:xgboost not found
2023-02-14 19:43:29,451:INFO:mlflow==1.22.0
2023-02-14 19:43:29,451:INFO:Checking Exceptions
2023-02-14 19:43:29,452:INFO:Declaring global variables
2023-02-14 19:43:29,453:INFO:USI: f674
2023-02-14 19:43:29,454:INFO:pycaret_globals: {'experiment__', 'n_jobs_param', 'display_container', '_all_models', 'X_train', 'logging_param', '_available_plots', 'create_model_container', '_all_metrics', 'fix_imbalance_method_param', 'fold_groups_param', '_ml_usecase', 'y_train', '_gpu_n_jobs_param', 'master_model_container', 'transform_target_method_param', 'dashboard_logger', 'y', 'fold_generator', 'fold_shuffle_param', '_internal_pipeline', 'seed', 'html_param', 'iterative_imputation_iters_param', '_all_models_internal', 'stratify_param', 'fix_imbalance_param', 'fold_groups_param_full', 'fold_param', 'imputation_classifier', 'USI', 'imputation_regressor', 'target_param', 'pycaret_globals', 'prep_pipe', 'y_test', 'exp_name_log', 'X', 'data_before_preprocess', 'X_test', 'log_plots_param', 'gpu_param', 'transform_target_param'}
2023-02-14 19:43:29,455:INFO:Preparing display monitor
2023-02-14 19:43:29,456:INFO:Preparing display monitor
2023-02-14 19:43:29,478:INFO:Importing libraries
2023-02-14 19:43:29,480:INFO:Copying data for preprocessing
2023-02-14 19:43:29,499:INFO:Declaring preprocessing parameters
2023-02-14 19:43:29,539:INFO:Creating preprocessing pipeline
2023-02-14 19:43:29,688:INFO:Preprocessing pipeline created successfully
2023-02-14 19:43:29,689:ERROR:(Process Exit): setup has been interupted with user command 'quit'. setup must rerun.
2023-02-14 19:43:29,691:INFO:Creating global containers
2023-02-14 19:43:29,693:INFO:Internal pipeline: Pipeline(memory=None, steps=[('empty_step', 'passthrough')], verbose=False)
2023-02-14 19:43:34,876:WARNING:Couldn't import xgboost.XGBClassifier
2023-02-14 19:43:34,878:WARNING:Couldn't import catboost.CatBoostClassifier
2023-02-14 19:43:34,984:WARNING:Couldn't import xgboost.XGBClassifier
2023-02-14 19:43:34,986:WARNING:Couldn't import catboost.CatBoostClassifier
2023-02-14 19:43:34,989:INFO:Creating grid variables
2023-02-14 19:43:35,015:INFO:create_model_container: 0
2023-02-14 19:43:35,017:INFO:master_model_container: 0
2023-02-14 19:43:35,020:INFO:display_container: 1
2023-02-14 19:43:35,037:INFO:Pipeline(memory=None,
         steps=[('dtypes',
                 DataTypes_Auto_infer(categorical_features=[],
                                      display_types=True, features_todrop=[],
                                      id_columns=[],
                                      ml_usecase='classification',
                                      numerical_features=[],
                                      target='booking_status',
                                      time_features=[])),
                ('imputer',
                 Simple_Imputer(categorical_strategy='not_available',
                                fill_value_categorical=None,
                                fill_value_numerical=None,
                                numer...
                ('scaling', 'passthrough'), ('P_transform', 'passthrough'),
                ('binn', 'passthrough'), ('rem_outliers', 'passthrough'),
                ('cluster_all', 'passthrough'),
                ('dummy', Dummify(target='booking_status')),
                ('fix_perfect', Remove_100(target='booking_status')),
                ('clean_names', Clean_Colum_Names()),
                ('feature_select', 'passthrough'), ('fix_multi', 'passthrough'),
                ('dfs', 'passthrough'), ('pca', 'passthrough')],
         verbose=False)
2023-02-14 19:43:35,040:INFO:setup() succesfully completed......................................
2023-02-14 19:43:51,423:INFO:Initializing create_model()
2023-02-14 19:43:51,425:INFO:create_model(estimator=rf, fold=None, round=4, cross_validation=True, predict=True, fit_kwargs=None, groups=None, refit=True, verbose=True, system=True, metrics=None, experiment_custom_tags=None, add_to_model_list=True, probability_threshold=None, display=None, return_train_score=False, kwargs={})
2023-02-14 19:43:51,427:INFO:Checking exceptions
2023-02-14 19:43:51,429:INFO:Preparing display monitor
2023-02-14 19:43:51,458:INFO:Importing libraries
2023-02-14 19:43:51,459:INFO:Copying training dataset
2023-02-14 19:43:51,464:INFO:Defining folds
2023-02-14 19:43:51,465:INFO:Declaring metric variables
2023-02-14 19:43:51,486:INFO:Importing untrained model
2023-02-14 19:43:51,512:INFO:Random Forest Classifier Imported succesfully
2023-02-14 19:43:51,558:INFO:Starting cross validation
2023-02-14 19:43:51,561:INFO:Cross validating with StratifiedKFold(n_splits=10, random_state=None, shuffle=False), n_jobs=-1
2023-02-14 19:44:19,711:INFO:Calculating mean and std
2023-02-14 19:44:19,728:INFO:Creating metrics dataframe
2023-02-14 19:44:19,783:INFO:Finalizing model
2023-02-14 19:44:21,979:INFO:Uploading results into container
2023-02-14 19:44:21,981:INFO:Uploading model into container now
2023-02-14 19:44:22,010:INFO:create_model_container: 1
2023-02-14 19:44:22,011:INFO:master_model_container: 1
2023-02-14 19:44:22,012:INFO:display_container: 2
2023-02-14 19:44:22,015:INFO:RandomForestClassifier(bootstrap=True, ccp_alpha=0.0, class_weight=None,
                       criterion='gini', max_depth=None, max_features='auto',
                       max_leaf_nodes=None, max_samples=None,
                       min_impurity_decrease=0.0, min_impurity_split=None,
                       min_samples_leaf=1, min_samples_split=2,
                       min_weight_fraction_leaf=0.0, n_estimators=100,
                       n_jobs=-1, oob_score=False, random_state=2557, verbose=0,
                       warm_start=False)
2023-02-14 19:44:22,017:INFO:create_model() succesfully completed......................................
2023-02-14 19:45:10,450:INFO:Initializing predict_model()
2023-02-14 19:45:10,455:INFO:predict_model(estimator=RandomForestClassifier(bootstrap=True, ccp_alpha=0.0, class_weight=None,
                       criterion='gini', max_depth=None, max_features='auto',
                       max_leaf_nodes=None, max_samples=None,
                       min_impurity_decrease=0.0, min_impurity_split=None,
                       min_samples_leaf=1, min_samples_split=2,
                       min_weight_fraction_leaf=0.0, n_estimators=100,
                       n_jobs=-1, oob_score=False, random_state=2557, verbose=0,
                       warm_start=False), probability_threshold=None, encoded_labels=False, drift_report=False, raw_score=False, round=4, verbose=True, ml_usecase=MLUsecase.CLASSIFICATION, display=None, drift_kwargs=None)
2023-02-14 19:45:10,457:INFO:Checking exceptions
2023-02-14 19:45:10,459:INFO:Preloading libraries
2023-02-14 19:45:10,460:INFO:Preparing display monitor
2023-02-14 19:48:20,320:INFO:Initializing predict_model()
2023-02-14 19:48:20,325:INFO:predict_model(estimator=       no_of_adults  no_of_children  no_of_weekend_nights  no_of_week_nights  \
0                 3               0                     1                  4   
1                 2               0                     0                  3   
2                 2               2                     0                  1   
3                 2               0                     0                  3   
4                 1               0                     0                  2   
...             ...             ...                   ...                ...   
28063             2               0                     1                  2   
28064             2               0                     2                  2   
28065             2               0                     1                  2   
28066             3               0                     0                  4   
28067             2               0                     2                  3   

       type_of_meal_plan  required_car_parking_space  room_type_reserved  \
0                      0                           0                   1   
1                      0                           0                   0   
2                      0                           0                   3   
3                      0                           0                   0   
4                      2                           0                   0   
...                  ...                         ...                 ...   
28063                  0                           0                   0   
28064                  0                           0                   0   
28065                  0                           0                   0   
28066                  0                           0                   1   
28067                  0                           0                   0   

       lead_time  arrival_year  arrival_month  arrival_date  \
0            111          2018             12             5   
1             22          2017             10            21   
2             18          2018              8            10   
3             88          2018              5            30   
4              7          2018              9            21   
...          ...           ...            ...           ...   
28063        315          2018              9            30   
28064         81          2018              3            25   
28065         40          2018             10            22   
28066          4          2018              9             6   
28067        191          2018              8            28   

       market_segment_type  repeated_guest  no_of_previous_cancellations  \
0                        1               0                             0   
1                        0               0                             0   
2                        1               0                             0   
3                        0               0                             0   
4                        1               0                             0   
...                    ...             ...                           ...   
28063                    1               0                             0   
28064                    0               0                             0   
28065                    0               0                             0   
28066                    1               0                             0   
28067                    1               0                             0   

       no_of_previous_bookings_not_canceled  avg_price_per_room  \
0                                         0              115.60   
1                                         0               85.00   
2                                         0              240.00   
3                                         0               80.75   
4                                         0              144.00   
...                                     ...                 ...   
28063                                     0              160.00   
28064                                     0               65.00   
28065                                     0               85.00   
28066                                     0              162.75   
28067                                     0               84.31   

       no_of_special_requests  
0                           2  
1                           0  
2                           1  
3                           0  
4                           0  
...                       ...  
28063                       0  
28064                       1  
28065                       0  
28066                       0  
28067                       0  

[28068 rows x 17 columns], probability_threshold=None, encoded_labels=False, drift_report=False, raw_score=False, round=4, verbose=True, ml_usecase=MLUsecase.CLASSIFICATION, display=None, drift_kwargs=None)
2023-02-14 19:48:20,329:INFO:Checking exceptions
2023-02-14 19:48:20,331:INFO:Preloading libraries
2023-02-14 19:48:20,336:INFO:Preparing display monitor
2023-02-14 19:48:32,093:INFO:Initializing predict_model()
2023-02-14 19:48:32,096:INFO:predict_model(estimator=          id  no_of_adults  no_of_children  no_of_weekend_nights  \
0      42100             3               0                     1   
1      42101             2               0                     0   
2      42102             2               2                     0   
3      42103             2               0                     0   
4      42104             1               0                     0   
...      ...           ...             ...                   ...   
28063  70163             2               0                     1   
28064  70164             2               0                     2   
28065  70165             2               0                     1   
28066  70166             3               0                     0   
28067  70167             2               0                     2   

       no_of_week_nights  type_of_meal_plan  required_car_parking_space  \
0                      4                  0                           0   
1                      3                  0                           0   
2                      1                  0                           0   
3                      3                  0                           0   
4                      2                  2                           0   
...                  ...                ...                         ...   
28063                  2                  0                           0   
28064                  2                  0                           0   
28065                  2                  0                           0   
28066                  4                  0                           0   
28067                  3                  0                           0   

       room_type_reserved  lead_time  arrival_year  arrival_month  \
0                       1        111          2018             12   
1                       0         22          2017             10   
2                       3         18          2018              8   
3                       0         88          2018              5   
4                       0          7          2018              9   
...                   ...        ...           ...            ...   
28063                   0        315          2018              9   
28064                   0         81          2018              3   
28065                   0         40          2018             10   
28066                   1          4          2018              9   
28067                   0        191          2018              8   

       arrival_date  market_segment_type  repeated_guest  \
0                 5                    1               0   
1                21                    0               0   
2                10                    1               0   
3                30                    0               0   
4                21                    1               0   
...             ...                  ...             ...   
28063            30                    1               0   
28064            25                    0               0   
28065            22                    0               0   
28066             6                    1               0   
28067            28                    1               0   

       no_of_previous_cancellations  no_of_previous_bookings_not_canceled  \
0                                 0                                     0   
1                                 0                                     0   
2                                 0                                     0   
3                                 0                                     0   
4                                 0                                     0   
...                             ...                                   ...   
28063                             0                                     0   
28064                             0                                     0   
28065                             0                                     0   
28066                             0                                     0   
28067                             0                                     0   

       avg_price_per_room  no_of_special_requests  
0                  115.60                       2  
1                   85.00                       0  
2                  240.00                       1  
3                   80.75                       0  
4                  144.00                       0  
...                   ...                     ...  
28063              160.00                       0  
28064               65.00                       1  
28065               85.00                       0  
28066              162.75                       0  
28067               84.31                       0  

[28068 rows x 18 columns], probability_threshold=None, encoded_labels=False, drift_report=False, raw_score=False, round=4, verbose=True, ml_usecase=MLUsecase.CLASSIFICATION, display=None, drift_kwargs=None)
2023-02-14 19:48:32,100:INFO:Checking exceptions
2023-02-14 19:48:32,102:INFO:Preloading libraries
2023-02-14 19:48:32,105:INFO:Preparing display monitor
2023-02-14 19:48:58,102:INFO:Initializing predict_model()
2023-02-14 19:48:58,104:INFO:predict_model(estimator=          id  no_of_adults  no_of_children  no_of_weekend_nights  \
0      42100             3               0                     1   
1      42101             2               0                     0   
2      42102             2               2                     0   
3      42103             2               0                     0   
4      42104             1               0                     0   
...      ...           ...             ...                   ...   
28063  70163             2               0                     1   
28064  70164             2               0                     2   
28065  70165             2               0                     1   
28066  70166             3               0                     0   
28067  70167             2               0                     2   

       no_of_week_nights  type_of_meal_plan  required_car_parking_space  \
0                      4                  0                           0   
1                      3                  0                           0   
2                      1                  0                           0   
3                      3                  0                           0   
4                      2                  2                           0   
...                  ...                ...                         ...   
28063                  2                  0                           0   
28064                  2                  0                           0   
28065                  2                  0                           0   
28066                  4                  0                           0   
28067                  3                  0                           0   

       room_type_reserved  lead_time  arrival_year  arrival_month  \
0                       1        111          2018             12   
1                       0         22          2017             10   
2                       3         18          2018              8   
3                       0         88          2018              5   
4                       0          7          2018              9   
...                   ...        ...           ...            ...   
28063                   0        315          2018              9   
28064                   0         81          2018              3   
28065                   0         40          2018             10   
28066                   1          4          2018              9   
28067                   0        191          2018              8   

       arrival_date  market_segment_type  repeated_guest  \
0                 5                    1               0   
1                21                    0               0   
2                10                    1               0   
3                30                    0               0   
4                21                    1               0   
...             ...                  ...             ...   
28063            30                    1               0   
28064            25                    0               0   
28065            22                    0               0   
28066             6                    1               0   
28067            28                    1               0   

       no_of_previous_cancellations  no_of_previous_bookings_not_canceled  \
0                                 0                                     0   
1                                 0                                     0   
2                                 0                                     0   
3                                 0                                     0   
4                                 0                                     0   
...                             ...                                   ...   
28063                             0                                     0   
28064                             0                                     0   
28065                             0                                     0   
28066                             0                                     0   
28067                             0                                     0   

       avg_price_per_room  no_of_special_requests  
0                  115.60                       2  
1                   85.00                       0  
2                  240.00                       1  
3                   80.75                       0  
4                  144.00                       0  
...                   ...                     ...  
28063              160.00                       0  
28064               65.00                       1  
28065               85.00                       0  
28066              162.75                       0  
28067               84.31                       0  

[28068 rows x 18 columns], probability_threshold=None, encoded_labels=False, drift_report=False, raw_score=False, round=4, verbose=True, ml_usecase=MLUsecase.CLASSIFICATION, display=None, drift_kwargs=None)
2023-02-14 19:48:58,110:INFO:Checking exceptions
2023-02-14 19:48:58,111:INFO:Preloading libraries
2023-02-14 19:48:58,113:INFO:Preparing display monitor
2023-02-14 19:49:46,985:INFO:Initializing predict_model()
2023-02-14 19:49:46,989:INFO:predict_model(estimator=RandomForestClassifier(bootstrap=True, ccp_alpha=0.0, class_weight=None,
                       criterion='gini', max_depth=None, max_features='auto',
                       max_leaf_nodes=None, max_samples=None,
                       min_impurity_decrease=0.0, min_impurity_split=None,
                       min_samples_leaf=1, min_samples_split=2,
                       min_weight_fraction_leaf=0.0, n_estimators=100,
                       n_jobs=-1, oob_score=False, random_state=2557, verbose=0,
                       warm_start=False), probability_threshold=None, encoded_labels=False, drift_report=False, raw_score=False, round=4, verbose=True, ml_usecase=MLUsecase.CLASSIFICATION, display=None, drift_kwargs=None)
2023-02-14 19:49:46,992:INFO:Checking exceptions
2023-02-14 19:49:46,994:INFO:Preloading libraries
2023-02-14 19:49:46,997:INFO:Preparing display monitor
2023-02-14 19:50:10,932:INFO:Initializing predict_model()
2023-02-14 19:50:10,936:INFO:predict_model(estimator=RandomForestClassifier(bootstrap=True, ccp_alpha=0.0, class_weight=None,
                       criterion='gini', max_depth=None, max_features='auto',
                       max_leaf_nodes=None, max_samples=None,
                       min_impurity_decrease=0.0, min_impurity_split=None,
                       min_samples_leaf=1, min_samples_split=2,
                       min_weight_fraction_leaf=0.0, n_estimators=100,
                       n_jobs=-1, oob_score=False, random_state=2557, verbose=0,
                       warm_start=False), probability_threshold=None, encoded_labels=False, drift_report=False, raw_score=False, round=4, verbose=True, ml_usecase=MLUsecase.CLASSIFICATION, display=None, drift_kwargs=None)
2023-02-14 19:50:10,938:INFO:Checking exceptions
2023-02-14 19:50:10,940:INFO:Preloading libraries
2023-02-14 19:50:10,942:INFO:Preparing display monitor
2023-02-14 19:50:34,160:INFO:Initializing predict_model()
2023-02-14 19:50:34,163:INFO:predict_model(estimator=RandomForestClassifier(bootstrap=True, ccp_alpha=0.0, class_weight=None,
                       criterion='gini', max_depth=None, max_features='auto',
                       max_leaf_nodes=None, max_samples=None,
                       min_impurity_decrease=0.0, min_impurity_split=None,
                       min_samples_leaf=1, min_samples_split=2,
                       min_weight_fraction_leaf=0.0, n_estimators=100,
                       n_jobs=-1, oob_score=False, random_state=2557, verbose=0,
                       warm_start=False), probability_threshold=None, encoded_labels=False, drift_report=False, raw_score=False, round=4, verbose=True, ml_usecase=MLUsecase.CLASSIFICATION, display=None, drift_kwargs=None)
2023-02-14 19:50:34,168:INFO:Checking exceptions
2023-02-14 19:50:34,170:INFO:Preloading libraries
2023-02-14 19:50:34,172:INFO:Preparing display monitor
